<?xml version="1.0" encoding="UTF-8"?>
<testng-results ignored="0" total="1" passed="1" failed="0" skipped="0">
  <reporter-output>
  </reporter-output>
  <suite started-at="2023-12-27T22:24:15 IST" name="Default suite" finished-at="2023-12-27T22:24:22 IST" duration-ms="7107">
    <groups>
    </groups>
    <test started-at="2023-12-27T22:24:15 IST" name="Default test" finished-at="2023-12-27T22:24:22 IST" duration-ms="7107">
      <class name="Facebooklogin.RegisterUser">
        <test-method signature="regsiterPage(java.lang.String,java.lang.String,java.lang.String,java.lang.String,java.lang.String,java.lang.String,java.lang.String,java.lang.String)[pri:0, instance:Facebooklogin.RegisterUser@17497425]" started-at="2023-12-27T22:24:16 IST" name="regsiterPage" data-provider="fbdata" finished-at="2023-12-27T22:24:22 IST" duration-ms="6306" status="PASS">
          <params>
            <param index="0">
              <value>
                <![CDATA[Akshay]]>
              </value>
            </param>
            <param index="1">
              <value>
                <![CDATA[Mankar]]>
              </value>
            </param>
            <param index="2">
              <value>
                <![CDATA[akshay@gmail.com]]>
              </value>
            </param>
            <param index="3">
              <value>
                <![CDATA[akshay@gmail.com]]>
              </value>
            </param>
            <param index="4">
              <value>
                <![CDATA[akshay@123]]>
              </value>
            </param>
            <param index="5">
              <value>
                <![CDATA[11]]>
              </value>
            </param>
            <param index="6">
              <value>
                <![CDATA[Feb]]>
              </value>
            </param>
            <param index="7">
              <value>
                <![CDATA[1996]]>
              </value>
            </param>
          </params>
          <reporter-output>
          </reporter-output>
        </test-method> <!-- regsiterPage -->
      </class> <!-- Facebooklogin.RegisterUser -->
    </test> <!-- Default test -->
  </suite> <!-- Default suite -->
</testng-results>
